<?xml version="1.0" encoding="UTF-8"?>
<!-- Generated by org.testng.reporters.JUnitReportReporter -->
<testsuite hostname="HYD-LAP-00336" name="GetTest" tests="1" failures="0" timestamp="26 Dec 2019 12:54:21 GMT" time="2.051" errors="0">
  <testcase name="GetWeatherDetails" time="2.051" classname="GetTest"/>
</testsuite> <!-- GetTest -->
