<?xml version="1.0" encoding="UTF-8"?>
<!-- Generated by org.testng.reporters.JUnitReportReporter -->
<testsuite hostname="HYD-LAP-00336" name="GetInvalidStatus" tests="1" failures="0" timestamp="26 Dec 2019 12:54:21 GMT" time="0.601" errors="0">
  <testcase name="GetWeatherDetailsInvalidCity" time="0.601" classname="GetInvalidStatus"/>
</testsuite> <!-- GetInvalidStatus -->
