<?xml version="1.0" encoding="UTF-8"?>
<!-- Generated by org.testng.reporters.JUnitReportReporter -->
<testsuite hostname="HYD-LAP-00336" name="QueryParams" tests="1" failures="0" timestamp="31 Dec 2019 07:24:36 GMT" time="2.753" errors="0">
  <testcase name="queryParameter" time="2.753" classname="QueryParams"/>
</testsuite> <!-- QueryParams -->
